c:\users\anant\documents\anjaneya\x64\debug\anjaneya.lib
c:\users\anant\documents\anjaneya\x64\debug\anjaneya.exp
c:\users\anant\documents\anjaneya\x64\debug\vc142.pdb
c:\users\anant\documents\anjaneya\x64\debug\vc142.idb
c:\users\anant\documents\anjaneya\x64\debug\ogl.obj
c:\users\anant\documents\anjaneya\x64\debug\cudakernels.cu.obj
c:\users\anant\documents\anjaneya\x64\debug\anjaneya.ilk
c:\users\anant\documents\anjaneya\x64\debug\anjaneya.exe
c:\users\anant\documents\anjaneya\x64\debug\anjaneya.pdb
c:\users\anant\documents\anjaneya\x64\debug\resource.res
c:\users\anant\documents\anjaneya\x64\debug\cudakernels.cu.cache
c:\users\anant\documents\anjaneya\x64\debug\anjaneya.tlog\anjaneya.write.1u.tlog
c:\users\anant\documents\anjaneya\x64\debug\anjaneya.tlog\cl.command.1.tlog
c:\users\anant\documents\anjaneya\x64\debug\anjaneya.tlog\cl.read.1.tlog
c:\users\anant\documents\anjaneya\x64\debug\anjaneya.tlog\cl.write.1.tlog
c:\users\anant\documents\anjaneya\x64\debug\anjaneya.tlog\cudacompile.read.1u.tlog
c:\users\anant\documents\anjaneya\x64\debug\anjaneya.tlog\cudacompile.write.1u.tlog
c:\users\anant\documents\anjaneya\x64\debug\anjaneya.tlog\link.command.1.tlog
c:\users\anant\documents\anjaneya\x64\debug\anjaneya.tlog\link.read.1.tlog
c:\users\anant\documents\anjaneya\x64\debug\anjaneya.tlog\link.write.1.tlog
c:\users\anant\documents\anjaneya\x64\debug\anjaneya.tlog\rc.command.1.tlog
c:\users\anant\documents\anjaneya\x64\debug\anjaneya.tlog\rc.read.1.tlog
c:\users\anant\documents\anjaneya\x64\debug\anjaneya.tlog\rc.write.1.tlog
